<?xml version="1.0" encoding="UTF-8"?>
<testng-results ignored="0" total="1" passed="1" failed="0" skipped="0">
  <reporter-output>
  </reporter-output>
  <suite started-at="2023-08-01T14:17:05 IST" name="Default suite" finished-at="2023-08-01T14:17:20 IST" duration-ms="15327">
    <groups>
      <group name="cucumber">
        <method signature="AbstractTestNGCucumberTests.runScenario(io.cucumber.testng.PickleWrapper,io.cucumber.testng.FeatureWrapper)[pri:0, instance:in.swiggy.teststeps.TestRunner@69e153c5]" name="runScenario" class="io.cucumber.testng.AbstractTestNGCucumberTests"/>
      </group> <!-- cucumber -->
    </groups>
    <test started-at="2023-08-01T14:17:05 IST" name="Default test" finished-at="2023-08-01T14:17:20 IST" duration-ms="15327">
      <class name="in.swiggy.teststeps.TestRunner">
        <test-method is-config="true" signature="setUpClass(org.testng.ITestContext)[pri:0, instance:in.swiggy.teststeps.TestRunner@69e153c5]" started-at="2023-08-01T14:17:05 IST" name="setUpClass" finished-at="2023-08-01T14:17:05 IST" duration-ms="433" status="PASS">
          <params>
            <param index="0">
              <value>
                <![CDATA[org.testng.TestRunner@6650a6c]]>
              </value>
            </param>
          </params>
          <reporter-output>
          </reporter-output>
        </test-method> <!-- setUpClass -->
        <test-method signature="runScenario(io.cucumber.testng.PickleWrapper,io.cucumber.testng.FeatureWrapper)[pri:0, instance:in.swiggy.teststeps.TestRunner@69e153c5]" started-at="2023-08-01T14:17:05 IST" name="runScenario" description="Runs Cucumber Scenarios" data-provider="scenarios" finished-at="2023-08-01T14:17:18 IST" duration-ms="12871" status="PASS">
          <params>
            <param index="0">
              <value>
                <![CDATA["a user must be able to go to sign in page to complete order"]]>
              </value>
            </param>
            <param index="1">
              <value>
                <![CDATA["Optional[Order food from Swiggy]"]]>
              </value>
            </param>
          </params>
          <reporter-output>
          </reporter-output>
        </test-method> <!-- runScenario -->
        <test-method is-config="true" signature="tearDownClass()[pri:0, instance:in.swiggy.teststeps.TestRunner@69e153c5]" started-at="2023-08-01T14:17:18 IST" name="tearDownClass" finished-at="2023-08-01T14:17:20 IST" duration-ms="1993" status="PASS">
          <reporter-output>
          </reporter-output>
        </test-method> <!-- tearDownClass -->
      </class> <!-- in.swiggy.teststeps.TestRunner -->
    </test> <!-- Default test -->
  </suite> <!-- Default suite -->
</testng-results>
